<?xml version="1.0" encoding="UTF-8"?>
<!-- Generated by org.testng.reporters.JUnitReportReporter -->
<testsuite hostname="BLR1-LHP-N71050" failures="0" tests="7" name="cucumberDemo.testrunner.TestRunner$CucumberRunner" time="94.141" errors="0" timestamp="2023-07-14T17:33:44 IST" skipped="0">
  <testcase classname="cucumberDemo.testrunner.TestRunner$CucumberRunner" name="runScenario" time="8.068"/>
  <testcase classname="cucumberDemo.testrunner.TestRunner$CucumberRunner" name="runScenario" time="35.292"/>
  <testcase classname="cucumberDemo.testrunner.TestRunner$CucumberRunner" name="runScenario" time="8.880"/>
  <testcase classname="cucumberDemo.testrunner.TestRunner$CucumberRunner" name="runScenario" time="20.540"/>
  <testcase classname="cucumberDemo.testrunner.TestRunner$CucumberRunner" name="runScenario" time="6.906"/>
  <testcase classname="cucumberDemo.testrunner.TestRunner$CucumberRunner" name="runScenario" time="7.115"/>
  <testcase classname="cucumberDemo.testrunner.TestRunner$CucumberRunner" name="runScenario" time="7.340"/>
</testsuite> <!-- cucumberDemo.testrunner.TestRunner$CucumberRunner -->
