<?xml version="1.0" encoding="UTF-8"?>
<!-- Generated by org.testng.reporters.JUnitReportReporter -->
<testsuite hostname="BLR1-LHP-N71050" failures="0" tests="19" name="cucumberDemo.testrunner.TestRunner$CucumberRunner" time="145.031" errors="0" timestamp="2023-07-17T17:41:34 IST" skipped="0">
  <testcase classname="cucumberDemo.testrunner.TestRunner$CucumberRunner" name="runScenario" time="5.991"/>
  <testcase classname="cucumberDemo.testrunner.TestRunner$CucumberRunner" name="runScenario" time="5.156"/>
  <testcase classname="cucumberDemo.testrunner.TestRunner$CucumberRunner" name="runScenario" time="5.672"/>
  <testcase classname="cucumberDemo.testrunner.TestRunner$CucumberRunner" name="runScenario" time="7.089"/>
  <testcase classname="cucumberDemo.testrunner.TestRunner$CucumberRunner" name="runScenario" time="5.997"/>
  <testcase classname="cucumberDemo.testrunner.TestRunner$CucumberRunner" name="runScenario" time="6.937"/>
  <testcase classname="cucumberDemo.testrunner.TestRunner$CucumberRunner" name="runScenario" time="6.586"/>
  <testcase classname="cucumberDemo.testrunner.TestRunner$CucumberRunner" name="runScenario" time="6.092"/>
  <testcase classname="cucumberDemo.testrunner.TestRunner$CucumberRunner" name="runScenario" time="5.599"/>
  <testcase classname="cucumberDemo.testrunner.TestRunner$CucumberRunner" name="runScenario" time="5.797"/>
  <testcase classname="cucumberDemo.testrunner.TestRunner$CucumberRunner" name="runScenario" time="7.555"/>
  <testcase classname="cucumberDemo.testrunner.TestRunner$CucumberRunner" name="runScenario" time="7.695"/>
  <testcase classname="cucumberDemo.testrunner.TestRunner$CucumberRunner" name="runScenario" time="5.330"/>
  <testcase classname="cucumberDemo.testrunner.TestRunner$CucumberRunner" name="runScenario" time="5.732"/>
  <testcase classname="cucumberDemo.testrunner.TestRunner$CucumberRunner" name="runScenario" time="16.851"/>
  <testcase classname="cucumberDemo.testrunner.TestRunner$CucumberRunner" name="runScenario" time="7.926"/>
  <testcase classname="cucumberDemo.testrunner.TestRunner$CucumberRunner" name="runScenario" time="19.349"/>
  <testcase classname="cucumberDemo.testrunner.TestRunner$CucumberRunner" name="runScenario" time="6.844"/>
  <testcase classname="cucumberDemo.testrunner.TestRunner$CucumberRunner" name="runScenario" time="6.833"/>
</testsuite> <!-- cucumberDemo.testrunner.TestRunner$CucumberRunner -->
